#
# A fatal error has been detected by the Java Runtime Environment:
#
#  SIGSEGV (0xb) at pc=0x000000010786216c, pid=17330, tid=6915
#
# JRE version: Java(TM) SE Runtime Environment (7.0_60-b19) (build 1.7.0_60-b19)
# Java VM: Java HotSpot(TM) 64-Bit Server VM (24.60-b09 mixed mode bsd-amd64 compressed oops)
# Problematic frame:
# V  [libjvm.dylib+0x3a316c]
#
# Failed to write core dump. Core dumps have been disabled. To enable core dumping, try "ulimit -c unlimited" before starting Java again
#
# If you would like to submit a bug report, please visit:
#   http://bugreport.sun.com/bugreport/crash.jsp
#

---------------  T H R E A D  ---------------

Current thread (0x00007f8433803000):  JavaThread "main" [_thread_in_vm, id=6915, stack(0x0000000108801000,0x0000000108901000)]

siginfo:si_signo=SIGSEGV: si_errno=0, si_code=1 (SEGV_MAPERR), si_addr=0x0000000000000026

Registers:
RAX=0x00007f8432d011c0, RBX=0x00007f8432d01198, RCX=0x00007f8432d011c8, RDX=0x0000000000000000
RSP=0x00000001089004c0, RBP=0x0000000108900560, RSI=0x0000000000000008, RDI=0x00007f8432d010f0
R8 =0x00007f8432d01198, R9 =0x0000000000000001, R10=0x0000000000000001, R11=0x0000000108995e20
R12=0x000000000000001a, R13=0x00007f8432d011c0, R14=0x00007f8432d011a0, R15=0x0000000000000001
RIP=0x000000010786216c, EFLAGS=0x0000000000010202, ERR=0x0000000000000004
  TRAPNO=0x000000000000000e

Top of Stack: (sp=0x00000001089004c0)
0x00000001089004c0:   00000001089005f0 0000000107860d3f
0x00000001089004d0:   01007f8433803000 0000000108900680
0x00000001089004e0:   00007f8432d01188 0000000000000000
0x00000001089004f0:   00007f8432e01dc0 00007f8433803000
0x0000000108900500:   00007f8432d01150 0000000000000001
0x0000000108900510:   0000000108900501 00007f8433803000
0x0000000108900520:   00000001089005f0 00007f8433803000
0x0000000108900530:   00000001089005f8 00007f8432d01188
0x0000000108900540:   0000000108900680 00007f8433803000
0x0000000108900550:   00007f8432d01198 00007f8432d01140
0x0000000108900560:   00000001089005b0 00000001078622f7
0x0000000108900570:   00007f8433803000 0000000107860ffb
0x0000000108900580:   00007f8432d011a0 00007f8433803000
0x0000000108900590:   00000006faeab650 00000006fb67df19
0x00000001089005a0:   00007f8432d01140 0000000108900680
0x00000001089005b0:   0000000108900620 00000001078623ec
0x00000001089005c0:   00007f8432d01190 0000000100000001
0x00000001089005d0:   0000000100000001 00007f8433803000
0x00000001089005e0:   00007f8432d01190 00000001156907c0
0x00000001089005f0:   00007f8432f124a0 00007f8432d01188
0x0000000108900600:   00007f8433803000 0000000000000000
0x0000000108900610:   00007f8432d01140 00007f8432d01148
0x0000000108900620:   00000001089007b0 000000010779549a
0x0000000108900630:   0000000107c13360 000000b600f12420
0x0000000108900640:   00000006fb67df19 00000100000000b6
0x0000000108900650:   00007f8432d01138 00007f8432d00cd0
0x0000000108900660:   00007f8432d00d00 00007f8432d00d10
0x0000000108900670:   00007f8432d010e8 00000000000003d8
0x0000000108900680:   0000000000000000 0000000000000000
0x0000000108900690:   0000000000000000 0000000000000000
0x00000001089006a0:   00007f8433803000 0000000000000000
0x00000001089006b0:   0000000000000000 00007f8433803000 

Instructions: (pc=0x000000010786216c)
0x000000010786214c:   10 49 89 c0 e8 19 ec e9 ff 48 8d 7d b0 e8 f6 e2
0x000000010786215c:   dd ff e9 0f 01 00 00 80 bd 77 ff ff ff 00 74 07
0x000000010786216c:   41 f6 47 25 04 75 29 48 8b 45 10 48 89 04 24 48
0x000000010786217c:   8b bd 78 ff ff ff 48 8b 75 80 48 89 da 4c 89 f1 

Register to memory mapping:

RAX=0x00007f8432d011c0 is an unknown value
RBX=0x00007f8432d01198 is an unknown value
RCX=0x00007f8432d011c8 is an unknown value
RDX=0x0000000000000000 is an unknown value
RSP=0x00000001089004c0 is pointing into the stack for thread: 0x00007f8433803000
RBP=0x0000000108900560 is pointing into the stack for thread: 0x00007f8433803000
RSI=0x0000000000000008 is an unknown value
RDI=0x00007f8432d010f0 is an unknown value
R8 =0x00007f8432d01198 is an unknown value
R9 =0x0000000000000001 is an unknown value
R10=0x0000000000000001 is an unknown value
R11=0x0000000108995e20 is at entry_point+32 in (nmethod*)0x0000000108995cd0
R12=0x000000000000001a is an unknown value
R13=0x00007f8432d011c0 is an unknown value
R14=0x00007f8432d011a0 is an unknown value
R15=0x0000000000000001 is an unknown value


Stack: [0x0000000108801000,0x0000000108901000],  sp=0x00000001089004c0,  free space=1021k
Native frames: (J=compiled Java code, j=interpreted, Vv=VM code, C=native code)
V  [libjvm.dylib+0x3a316c]
V  [libjvm.dylib+0x3a32f7]
V  [libjvm.dylib+0x3a33ec]
V  [libjvm.dylib+0x2d649a]
j  Main.BpmnSelectDiagram(Lorg/processmining/plugins/bpmn/Bpmn;)Lorg/processmining/models/graphbased/directed/bpmn/BPMNDiagram;+1
j  Main.getProcessModel(Lorg/processmining/plugins/bpmn/Bpmn;)LdataModel/process/ProcessModel;+46
j  Main.createFromFileFromBPMN(Ljava/lang/String;)V+30
j  Main.main([Ljava/lang/String;)V+30
v  ~StubRoutines::call_stub
V  [libjvm.dylib+0x2db350]
V  [libjvm.dylib+0x2db120]
V  [libjvm.dylib+0x30e99a]
V  [libjvm.dylib+0x307b35]
C  [java+0x30fe]  JavaMain+0x91d
C  [libsystem_pthread.dylib+0x1899]  _pthread_body+0x8a
C  [libsystem_pthread.dylib+0x172a]  _pthread_struct_init+0x0
C  [libsystem_pthread.dylib+0x5fc9]  thread_start+0xd

Java frames: (J=compiled Java code, j=interpreted, Vv=VM code)
j  Main.BpmnSelectDiagram(Lorg/processmining/plugins/bpmn/Bpmn;)Lorg/processmining/models/graphbased/directed/bpmn/BPMNDiagram;+1
j  Main.getProcessModel(Lorg/processmining/plugins/bpmn/Bpmn;)LdataModel/process/ProcessModel;+46
j  Main.createFromFileFromBPMN(Ljava/lang/String;)V+30
j  Main.main([Ljava/lang/String;)V+30
v  ~StubRoutines::call_stub

---------------  P R O C E S S  ---------------

Java Threads: ( => current thread )
  0x00007f84342f7800 JavaThread "AWT-AppKit" daemon [_thread_in_native, id=1287, stack(0x00007fff587bf000,0x00007fff5883f000)]
  0x00007f843401c000 JavaThread "Service Thread" daemon [_thread_blocked, id=20995, stack(0x000000011737d000,0x000000011747d000)]
  0x00007f8433820000 JavaThread "C2 CompilerThread1" daemon [_thread_blocked, id=20483, stack(0x000000011727a000,0x000000011737a000)]
  0x00007f843401b000 JavaThread "C2 CompilerThread0" daemon [_thread_blocked, id=19971, stack(0x0000000117177000,0x0000000117277000)]
  0x00007f8433049800 JavaThread "JDWP Command Reader" daemon [_thread_in_native, id=19459, stack(0x0000000117074000,0x0000000117174000)]
  0x00007f843481e800 JavaThread "JDWP Event Helper Thread" daemon [_thread_blocked, id=18947, stack(0x0000000116f71000,0x0000000117071000)]
  0x00007f8433049000 JavaThread "JDWP Transport Listener: dt_socket" daemon [_thread_blocked, id=18435, stack(0x0000000116e6e000,0x0000000116f6e000)]
  0x00007f8433800800 JavaThread "Signal Dispatcher" daemon [_thread_blocked, id=17923, stack(0x0000000116d65000,0x0000000116e65000)]
  0x00007f8433813800 JavaThread "Finalizer" daemon [_thread_blocked, id=13059, stack(0x0000000116b18000,0x0000000116c18000)]
  0x00007f8434019800 JavaThread "Reference Handler" daemon [_thread_blocked, id=12547, stack(0x0000000116a15000,0x0000000116b15000)]
=>0x00007f8433803000 JavaThread "main" [_thread_in_vm, id=6915, stack(0x0000000108801000,0x0000000108901000)]

Other Threads:
  0x00007f8434017000 VMThread [stack: 0x0000000116912000,0x0000000116a12000] [id=12035]
  0x00007f843305a800 WatcherThread [stack: 0x0000000117480000,0x0000000117580000] [id=21507]

VM state:not at safepoint (normal execution)

VM Mutex/Monitor currently owned by a thread: None

Heap
 PSYoungGen      total 101888K, used 8545K [0x00000007aaa80000, 0x00000007b5180000, 0x0000000800000000)
  eden space 46592K, 18% used [0x00000007aaa80000,0x00000007ab2d8528,0x00000007ad800000)
  from space 55296K, 0% used [0x00000007b1280000,0x00000007b1280000,0x00000007b4880000)
  to   space 59904K, 0% used [0x00000007ad800000,0x00000007ad800000,0x00000007b1280000)
 ParOldGen       total 146432K, used 145906K [0x0000000700000000, 0x0000000708f00000, 0x00000007aaa80000)
  object space 146432K, 99% used [0x0000000700000000,0x0000000708e7c9a8,0x0000000708f00000)
 PSPermGen       total 21504K, used 8825K [0x00000006fae00000, 0x00000006fc300000, 0x0000000700000000)
  object space 21504K, 41% used [0x00000006fae00000,0x00000006fb69e710,0x00000006fc300000)

Card table byte_map: [0x000000010b9c3000,0x000000010c1ed000] byte_map_base: 0x00000001081ec000

Polling page: 0x0000000107f71000

Code Cache  [0x0000000108903000, 0x0000000108b73000, 0x000000010b903000)
 total_blobs=477 nmethods=212 adapters=227 free_code_cache=48003Kb largest_free_block=49080256

Compilation events (10 events):
Event: 4.480 Thread 0x00007f843401b000 nmethod 215 0x00000001089df5d0 code [0x00000001089df720, 0x00000001089dfa78]
Event: 4.480 Thread 0x00007f843401b000  216             org.xmlpull.mxp1.MXParser::isNameChar (63 bytes)
Event: 4.482 Thread 0x00007f843401b000 nmethod 216 0x00000001089705d0 code [0x0000000108970720, 0x0000000108970858]
Event: 4.482 Thread 0x00007f843401b000  217             org.xmlpull.mxp1.MXParser::parseStartTag (1195 bytes)
Event: 4.746 Thread 0x00007f8433820000 nmethod 214 0x0000000108a1a710 code [0x0000000108a1abe0, 0x0000000108a1fd40]
Event: 4.780 Thread 0x00007f8433820000  218             java.lang.String::startsWith (7 bytes)
Event: 4.784 Thread 0x00007f8433820000 nmethod 218 0x00000001089fb250 code [0x00000001089fb3a0, 0x00000001089fb638]
Event: 4.797 Thread 0x00007f8433820000  219             sun.security.provider.SHA::implCompress (491 bytes)
Event: 4.830 Thread 0x00007f8433820000 nmethod 219 0x0000000108a05450 code [0x0000000108a055c0, 0x0000000108a060a8]
Event: 4.901 Thread 0x00007f843401b000 nmethod 217 0x0000000108a2ae90 code [0x0000000108a2b360, 0x0000000108a31270]

GC Heap History (10 events):
Event: 2.747 GC heap before
{Heap before GC invocations=11 (full 2):
 PSYoungGen      total 59392K, used 50208K [0x00000007aaa80000, 0x00000007b0480000, 0x0000000800000000)
  eden space 36864K, 100% used [0x00000007aaa80000,0x00000007ace80000,0x00000007ace80000)
  from space 22528K, 59% used [0x00000007aee80000,0x00000007afb88000,0x00000007b0480000)
  to   space 27648K, 0% used [0x00000007ace80000,0x00000007ace80000,0x00000007ae980000)
 ParOldGen       total 146432K, used 82345K [0x0000000700000000, 0x0000000708f00000, 0x00000007aaa80000)
  object space 146432K, 56% used [0x0000000700000000,0x000000070506a608,0x0000000708f00000)
 PSPermGen       total 21504K, used 7066K [0x00000006fae00000, 0x00000006fc300000, 0x0000000700000000)
  object space 21504K, 32% used [0x00000006fae00000,0x00000006fb4e6840,0x00000006fc300000)
Event: 2.794 GC heap after
Heap after GC invocations=11 (full 2):
 PSYoungGen      total 64512K, used 27616K [0x00000007aaa80000, 0x00000007b1e80000, 0x0000000800000000)
  eden space 36864K, 0% used [0x00000007aaa80000,0x00000007aaa80000,0x00000007ace80000)
  from space 27648K, 99% used [0x00000007ace80000,0x00000007ae978030,0x00000007ae980000)
  to   space 35840K, 0% used [0x00000007afb80000,0x00000007afb80000,0x00000007b1e80000)
 ParOldGen       total 146432K, used 92577K [0x0000000700000000, 0x0000000708f00000, 0x00000007aaa80000)
  object space 146432K, 63% used [0x0000000700000000,0x0000000705a68608,0x0000000708f00000)
 PSPermGen       total 21504K, used 7066K [0x00000006fae00000, 0x00000006fc300000, 0x0000000700000000)
  object space 21504K, 32% used [0x00000006fae00000,0x00000006fb4e6840,0x00000006fc300000)
}
Event: 3.106 GC heap before
{Heap before GC invocations=12 (full 2):
 PSYoungGen      total 64512K, used 64480K [0x00000007aaa80000, 0x00000007b1e80000, 0x0000000800000000)
  eden space 36864K, 100% used [0x00000007aaa80000,0x00000007ace80000,0x00000007ace80000)
  from space 27648K, 99% used [0x00000007ace80000,0x00000007ae978030,0x00000007ae980000)
  to   space 35840K, 0% used [0x00000007afb80000,0x00000007afb80000,0x00000007b1e80000)
 ParOldGen       total 146432K, used 92577K [0x0000000700000000, 0x0000000708f00000, 0x00000007aaa80000)
  object space 146432K, 63% used [0x0000000700000000,0x0000000705a68608,0x0000000708f00000)
 PSPermGen       total 21504K, used 7103K [0x00000006fae00000, 0x00000006fc300000, 0x0000000700000000)
  object space 21504K, 33% used [0x00000006fae00000,0x00000006fb4efc68,0x00000006fc300000)
Event: 3.216 GC heap after
Heap after GC invocations=12 (full 2):
 PSYoungGen      total 76288K, used 35808K [0x00000007aaa80000, 0x00000007b2b80000, 0x0000000800000000)
  eden space 40448K, 0% used [0x00000007aaa80000,0x00000007aaa80000,0x00000007ad200000)
  from space 35840K, 99% used [0x00000007afb80000,0x00000007b1e78030,0x00000007b1e80000)
  to   space 42496K, 0% used [0x00000007ad200000,0x00000007ad200000,0x00000007afb80000)
 ParOldGen       total 146432K, used 97207K [0x0000000700000000, 0x0000000708f00000, 0x00000007aaa80000)
  object space 146432K, 66% used [0x0000000700000000,0x0000000705eedf18,0x0000000708f00000)
 PSPermGen       total 21504K, used 7103K [0x00000006fae00000, 0x00000006fc300000, 0x0000000700000000)
  object space 21504K, 33% used [0x00000006fae00000,0x00000006fb4efc68,0x00000006fc300000)
}
Event: 3.517 GC heap before
{Heap before GC invocations=13 (full 2):
 PSYoungGen      total 76288K, used 76256K [0x00000007aaa80000, 0x00000007b2b80000, 0x0000000800000000)
  eden space 40448K, 100% used [0x00000007aaa80000,0x00000007ad200000,0x00000007ad200000)
  from space 35840K, 99% used [0x00000007afb80000,0x00000007b1e78030,0x00000007b1e80000)
  to   space 42496K, 0% used [0x00000007ad200000,0x00000007ad200000,0x00000007afb80000)
 ParOldGen       total 146432K, used 97207K [0x0000000700000000, 0x0000000708f00000, 0x00000007aaa80000)
  object space 146432K, 66% used [0x0000000700000000,0x0000000705eedf18,0x0000000708f00000)
 PSPermGen       total 21504K, used 7111K [0x00000006fae00000, 0x00000006fc300000, 0x0000000700000000)
  object space 21504K, 33% used [0x00000006fae00000,0x00000006fb4f1de8,0x00000006fc300000)
Event: 3.591 GC heap after
Heap after GC invocations=13 (full 2):
 PSYoungGen      total 82944K, used 42464K [0x00000007aaa80000, 0x00000007b4880000, 0x0000000800000000)
  eden space 40448K, 0% used [0x00000007aaa80000,0x00000007aaa80000,0x00000007ad200000)
  from space 42496K, 99% used [0x00000007ad200000,0x00000007afb78070,0x00000007afb80000)
  to   space 55296K, 0% used [0x00000007b1280000,0x00000007b1280000,0x00000007b4880000)
 ParOldGen       total 146432K, used 114927K [0x0000000700000000, 0x0000000708f00000, 0x00000007aaa80000)
  object space 146432K, 78% used [0x0000000700000000,0x000000070703bf88,0x0000000708f00000)
 PSPermGen       total 21504K, used 7111K [0x00000006fae00000, 0x00000006fc300000, 0x0000000700000000)
  object space 21504K, 33% used [0x00000006fae00000,0x00000006fb4f1de8,0x00000006fc300000)
}
Event: 3.699 GC heap before
{Heap before GC invocations=14 (full 2):
 PSYoungGen      total 82944K, used 56566K [0x00000007aaa80000, 0x00000007b4880000, 0x0000000800000000)
  eden space 40448K, 34% used [0x00000007aaa80000,0x00000007ab845ac8,0x00000007ad200000)
  from space 42496K, 99% used [0x00000007ad200000,0x00000007afb78070,0x00000007afb80000)
  to   space 55296K, 0% used [0x00000007b1280000,0x00000007b1280000,0x00000007b4880000)
 ParOldGen       total 146432K, used 114927K [0x0000000700000000, 0x0000000708f00000, 0x00000007aaa80000)
  object space 146432K, 78% used [0x0000000700000000,0x000000070703bf88,0x0000000708f00000)
 PSPermGen       total 21504K, used 7776K [0x00000006fae00000, 0x00000006fc300000, 0x0000000700000000)
  object space 21504K, 36% used [0x00000006fae00000,0x00000006fb598268,0x00000006fc300000)
Event: 3.816 GC heap after
Heap after GC invocations=14 (full 2):
 PSYoungGen      total 101888K, used 43970K [0x00000007aaa80000, 0x00000007b5180000, 0x0000000800000000)
  eden space 46592K, 0% used [0x00000007aaa80000,0x00000007aaa80000,0x00000007ad800000)
  from space 55296K, 79% used [0x00000007b1280000,0x00000007b3d709a0,0x00000007b4880000)
  to   space 59904K, 0% used [0x00000007ad800000,0x00000007ad800000,0x00000007b1280000)
 ParOldGen       total 146432K, used 121431K [0x0000000700000000, 0x0000000708f00000, 0x00000007aaa80000)
  object space 146432K, 82% used [0x0000000700000000,0x0000000707695f88,0x0000000708f00000)
 PSPermGen       total 21504K, used 7776K [0x00000006fae00000, 0x00000006fc300000, 0x0000000700000000)
  object space 21504K, 36% used [0x00000006fae00000,0x00000006fb598268,0x00000006fc300000)
}
Event: 3.816 GC heap before
{Heap before GC invocations=15 (full 3):
 PSYoungGen      total 101888K, used 43970K [0x00000007aaa80000, 0x00000007b5180000, 0x0000000800000000)
  eden space 46592K, 0% used [0x00000007aaa80000,0x00000007aaa80000,0x00000007ad800000)
  from space 55296K, 79% used [0x00000007b1280000,0x00000007b3d709a0,0x00000007b4880000)
  to   space 59904K, 0% used [0x00000007ad800000,0x00000007ad800000,0x00000007b1280000)
 ParOldGen       total 146432K, used 121431K [0x0000000700000000, 0x0000000708f00000, 0x00000007aaa80000)
  object space 146432K, 82% used [0x0000000700000000,0x0000000707695f88,0x0000000708f00000)
 PSPermGen       total 21504K, used 7776K [0x00000006fae00000, 0x00000006fc300000, 0x0000000700000000)
  object space 21504K, 36% used [0x00000006fae00000,0x00000006fb598268,0x00000006fc300000)
Event: 4.366 GC heap after
Heap after GC invocations=15 (full 3):
 PSYoungGen      total 101888K, used 0K [0x00000007aaa80000, 0x00000007b5180000, 0x0000000800000000)
  eden space 46592K, 0% used [0x00000007aaa80000,0x00000007aaa80000,0x00000007ad800000)
  from space 55296K, 0% used [0x00000007b1280000,0x00000007b1280000,0x00000007b4880000)
  to   space 59904K, 0% used [0x00000007ad800000,0x00000007ad800000,0x00000007b1280000)
 ParOldGen       total 146432K, used 145906K [0x0000000700000000, 0x0000000708f00000, 0x00000007aaa80000)
  object space 146432K, 99% used [0x0000000700000000,0x0000000708e7c9a8,0x0000000708f00000)
 PSPermGen       total 21504K, used 7776K [0x00000006fae00000, 0x00000006fc300000, 0x0000000700000000)
  object space 21504K, 36% used [0x00000006fae00000,0x00000006fb598150,0x00000006fc300000)
}

Deoptimization events (10 events):
Event: 3.699 Thread 0x00007f8433803000 Uncommon trap: reason=class_check action=maybe_recompile pc=0x00000001089eede0 method=java.util.HashMap.addEntry(ILjava/lang/Object;Ljava/lang/Object;I)V @ 65
Event: 4.386 Thread 0x00007f8433803000 Uncommon trap: reason=class_check action=maybe_recompile pc=0x0000000108992ad8 method=java.util.HashMap.<init>(IF)V @ 115
Event: 4.386 Thread 0x00007f8433803000 Uncommon trap: reason=class_check action=maybe_recompile pc=0x00000001089d9780 method=java.util.HashMap.put(Ljava/lang/Object;Ljava/lang/Object;)Ljava/lang/Object; @ 137
Event: 4.386 Thread 0x00007f8433803000 Uncommon trap: reason=class_check action=maybe_recompile pc=0x00000001089eede0 method=java.util.HashMap.addEntry(ILjava/lang/Object;Ljava/lang/Object;I)V @ 65
Event: 4.386 Thread 0x00007f8433803000 Uncommon trap: reason=class_check action=maybe_recompile pc=0x00000001089d9780 method=java.util.HashMap.put(Ljava/lang/Object;Ljava/lang/Object;)Ljava/lang/Object; @ 137
Event: 4.386 Thread 0x00007f8433803000 Uncommon trap: reason=class_check action=maybe_recompile pc=0x00000001089eede0 method=java.util.HashMap.addEntry(ILjava/lang/Object;Ljava/lang/Object;I)V @ 65
Event: 4.386 Thread 0x00007f8433803000 Uncommon trap: reason=class_check action=maybe_recompile pc=0x00000001089d9780 method=java.util.HashMap.put(Ljava/lang/Object;Ljava/lang/Object;)Ljava/lang/Object; @ 137
Event: 4.386 Thread 0x00007f8433803000 Uncommon trap: reason=class_check action=maybe_recompile pc=0x00000001089eede0 method=java.util.HashMap.addEntry(ILjava/lang/Object;Ljava/lang/Object;I)V @ 65
Event: 4.387 Thread 0x00007f8433803000 Uncommon trap: reason=class_check action=maybe_recompile pc=0x0000000108992ad8 method=java.util.HashMap.<init>(IF)V @ 115
Event: 4.391 Thread 0x00007f8433803000 Uncommon trap: reason=class_check action=maybe_recompile pc=0x0000000108992ad8 method=java.util.HashMap.<init>(IF)V @ 115

Internal exceptions (10 events):
Event: 4.787 Thread 0x00007f8433803000 Threw 0x00000007aad9f750 at /HUDSON/workspace/7u-2-build-macosx-x86_64/jdk7u60/1081/hotspot/src/share/vm/prims/jvm.cpp:1244
Event: 4.788 Thread 0x00007f8433803000 Threw 0x00000007aada84f8 at /HUDSON/workspace/7u-2-build-macosx-x86_64/jdk7u60/1081/hotspot/src/share/vm/prims/jvm.cpp:1244
Event: 4.790 Thread 0x00007f8433803000 Threw 0x00000007aadb5e58 at /HUDSON/workspace/7u-2-build-macosx-x86_64/jdk7u60/1081/hotspot/src/share/vm/prims/jvm.cpp:1244
Event: 4.791 Thread 0x00007f8433803000 Threw 0x00000007aadbff00 at /HUDSON/workspace/7u-2-build-macosx-x86_64/jdk7u60/1081/hotspot/src/share/vm/prims/jvm.cpp:1244
Event: 4.792 Thread 0x00007f8433803000 Threw 0x00000007aadcbfd8 at /HUDSON/workspace/7u-2-build-macosx-x86_64/jdk7u60/1081/hotspot/src/share/vm/prims/jvm.cpp:1244
Event: 4.802 Thread 0x00007f8433803000 Threw 0x00000007aaede2a8 at /HUDSON/workspace/7u-2-build-macosx-x86_64/jdk7u60/1081/hotspot/src/share/vm/prims/jvm.cpp:1244
Event: 4.804 Thread 0x00007f8433803000 Threw 0x00000007aaee83a8 at /HUDSON/workspace/7u-2-build-macosx-x86_64/jdk7u60/1081/hotspot/src/share/vm/prims/jvm.cpp:1244
Event: 4.805 Thread 0x00007f8433803000 Threw 0x00000007aaeeb670 at /HUDSON/workspace/7u-2-build-macosx-x86_64/jdk7u60/1081/hotspot/src/share/vm/prims/jvm.cpp:1244
Event: 4.806 Thread 0x00007f8433803000 Threw 0x00000007aaeeffb0 at /HUDSON/workspace/7u-2-build-macosx-x86_64/jdk7u60/1081/hotspot/src/share/vm/prims/jvm.cpp:1244
Event: 4.807 Thread 0x00007f8433803000 Threw 0x00000007aaef2ad8 at /HUDSON/workspace/7u-2-build-macosx-x86_64/jdk7u60/1081/hotspot/src/share/vm/prims/jvm.cpp:1244

Events (10 events):
Event: 6.421 Thread 0x00007f843315c000 Thread added: 0x00007f843315c000
Event: 7.426 Executing VM operation: RevokeBias
Event: 7.426 Executing VM operation: RevokeBias done
Event: 7.426 Executing VM operation: RevokeBias
Event: 7.426 Executing VM operation: RevokeBias done
Event: 7.426 Thread 0x00007f843315c000 Thread exited: 0x00007f843315c000
Event: 9.705 Thread 0x00007f8433837000 Thread added: 0x00007f8433837000
Event: 10.950 Executing VM operation: RevokeBias
Event: 10.950 Executing VM operation: RevokeBias done
Event: 10.950 Thread 0x00007f8433837000 Thread exited: 0x00007f8433837000


Dynamic libraries:
0x0000000007ada000 	/System/Library/Frameworks/Cocoa.framework/Versions/A/Cocoa
0x0000000007ada000 	/System/Library/Frameworks/Security.framework/Versions/A/Security
0x0000000007ada000 	/System/Library/Frameworks/ApplicationServices.framework/Versions/A/ApplicationServices
0x0000000007ada000 	/usr/lib/libz.1.dylib
0x0000000007ada000 	/usr/lib/libSystem.B.dylib
0x0000000007ada000 	/usr/lib/libobjc.A.dylib
0x0000000007ada000 	/System/Library/Frameworks/CoreFoundation.framework/Versions/A/CoreFoundation
0x0000000007ada000 	/System/Library/Frameworks/Foundation.framework/Versions/C/Foundation
0x0000000007ada000 	/System/Library/Frameworks/AppKit.framework/Versions/C/AppKit
0x0000000007ada000 	/System/Library/Frameworks/CoreData.framework/Versions/A/CoreData
0x0000000007ada000 	/System/Library/PrivateFrameworks/RemoteViewServices.framework/Versions/A/RemoteViewServices
0x0000000007ada000 	/System/Library/Frameworks/AudioToolbox.framework/Versions/A/AudioToolbox
0x0000000007ada000 	/System/Library/Frameworks/AudioUnit.framework/Versions/A/AudioUnit
0x0000000007ada000 	/System/Library/PrivateFrameworks/DataDetectorsCore.framework/Versions/A/DataDetectorsCore
0x0000000007ada000 	/System/Library/PrivateFrameworks/DesktopServicesPriv.framework/Versions/A/DesktopServicesPriv
0x0000000007ada000 	/System/Library/Frameworks/Carbon.framework/Versions/A/Frameworks/HIToolbox.framework/Versions/A/HIToolbox
0x0000000007ada000 	/System/Library/Frameworks/QuartzCore.framework/Versions/A/QuartzCore
0x0000000007ada000 	/System/Library/Frameworks/Carbon.framework/Versions/A/Frameworks/SpeechRecognition.framework/Versions/A/SpeechRecognition
0x0000000007ada000 	/usr/lib/libauto.dylib
0x0000000007ada000 	/usr/lib/libicucore.A.dylib
0x0000000007ada000 	/usr/lib/libxml2.2.dylib
0x0000000007ada000 	/System/Library/PrivateFrameworks/CoreUI.framework/Versions/A/CoreUI
0x0000000007ada000 	/System/Library/Frameworks/CoreAudio.framework/Versions/A/CoreAudio
0x0000000007ada000 	/System/Library/Frameworks/DiskArbitration.framework/Versions/A/DiskArbitration
0x0000000007ada000 	/usr/lib/liblangid.dylib
0x0000000007ada000 	/System/Library/PrivateFrameworks/MultitouchSupport.framework/Versions/A/MultitouchSupport
0x0000000007ada000 	/System/Library/Frameworks/IOKit.framework/Versions/A/IOKit
0x0000000007ada000 	/usr/lib/libDiagnosticMessagesClient.dylib
0x0000000007ada000 	/System/Library/Frameworks/CoreServices.framework/Versions/A/CoreServices
0x0000000007ada000 	/System/Library/PrivateFrameworks/PerformanceAnalysis.framework/Versions/A/PerformanceAnalysis
0x0000000007ada000 	/System/Library/PrivateFrameworks/GenerationalStorage.framework/Versions/A/GenerationalStorage
0x0000000007ada000 	/System/Library/Frameworks/OpenGL.framework/Versions/A/OpenGL
0x0000000007ada000 	/System/Library/PrivateFrameworks/Sharing.framework/Versions/A/Sharing
0x0000000007ada000 	/System/Library/Frameworks/ImageIO.framework/Versions/A/ImageIO
0x0000000007ada000 	/System/Library/Frameworks/CoreText.framework/Versions/A/CoreText
0x0000000007ada000 	/System/Library/Frameworks/CoreGraphics.framework/Versions/A/CoreGraphics
0x0000000007ada000 	/System/Library/PrivateFrameworks/Backup.framework/Versions/A/Backup
0x0000000007ada000 	/System/Library/Frameworks/CFNetwork.framework/Versions/A/CFNetwork
0x0000000007ada000 	/System/Library/Frameworks/SystemConfiguration.framework/Versions/A/SystemConfiguration
0x0000000007ada000 	/usr/lib/libCRFSuite.dylib
0x0000000007ada000 	/usr/lib/libc++.1.dylib
0x0000000007ada000 	/usr/lib/libc++abi.dylib
0x0000000007ada000 	/usr/lib/system/libcache.dylib
0x0000000007ada000 	/usr/lib/system/libcommonCrypto.dylib
0x0000000007ada000 	/usr/lib/system/libcompiler_rt.dylib
0x0000000007ada000 	/usr/lib/system/libcopyfile.dylib
0x0000000007ada000 	/usr/lib/system/libcorecrypto.dylib
0x0000000007ada000 	/usr/lib/system/libdispatch.dylib
0x0000000007ada000 	/usr/lib/system/libdyld.dylib
0x0000000007ada000 	/usr/lib/system/libkeymgr.dylib
0x0000000007ada000 	/usr/lib/system/liblaunch.dylib
0x0000000007ada000 	/usr/lib/system/libmacho.dylib
0x0000000007ada000 	/usr/lib/system/libquarantine.dylib
0x0000000007ada000 	/usr/lib/system/libremovefile.dylib
0x0000000007ada000 	/usr/lib/system/libsystem_asl.dylib
0x0000000007ada000 	/usr/lib/system/libsystem_blocks.dylib
0x0000000007ada000 	/usr/lib/system/libsystem_c.dylib
0x0000000007ada000 	/usr/lib/system/libsystem_configuration.dylib
0x0000000007ada000 	/usr/lib/system/libsystem_dnssd.dylib
0x0000000007ada000 	/usr/lib/system/libsystem_info.dylib
0x0000000007ada000 	/usr/lib/system/libsystem_kernel.dylib
0x0000000007ada000 	/usr/lib/system/libsystem_m.dylib
0x0000000007ada000 	/usr/lib/system/libsystem_malloc.dylib
0x0000000007ada000 	/usr/lib/system/libsystem_network.dylib
0x0000000007ada000 	/usr/lib/system/libsystem_notify.dylib
0x0000000007ada000 	/usr/lib/system/libsystem_platform.dylib
0x0000000007ada000 	/usr/lib/system/libsystem_pthread.dylib
0x0000000007ada000 	/usr/lib/system/libsystem_sandbox.dylib
0x0000000007ada000 	/usr/lib/system/libsystem_stats.dylib
0x0000000007ada000 	/usr/lib/system/libunc.dylib
0x0000000007ada000 	/usr/lib/system/libunwind.dylib
0x0000000007ada000 	/usr/lib/system/libxpc.dylib
0x0000000007ada000 	/usr/lib/libbsm.0.dylib
0x0000000007ada000 	/usr/lib/libsqlite3.dylib
0x0000000007ada000 	/usr/lib/libxar.1.dylib
0x0000000007ada000 	/usr/lib/libpam.2.dylib
0x0000000007ada000 	/usr/lib/libOpenScriptingUtil.dylib
0x0000000007ada000 	/usr/lib/libbz2.1.0.dylib
0x0000000007ada000 	/System/Library/Frameworks/CoreServices.framework/Versions/A/Frameworks/CarbonCore.framework/Versions/A/CarbonCore
0x0000000007ada000 	/System/Library/Frameworks/CoreServices.framework/Versions/A/Frameworks/Metadata.framework/Versions/A/Metadata
0x0000000007ada000 	/System/Library/Frameworks/CoreServices.framework/Versions/A/Frameworks/OSServices.framework/Versions/A/OSServices
0x0000000007ada000 	/System/Library/Frameworks/CoreServices.framework/Versions/A/Frameworks/SearchKit.framework/Versions/A/SearchKit
0x0000000007ada000 	/System/Library/Frameworks/CoreServices.framework/Versions/A/Frameworks/AE.framework/Versions/A/AE
0x0000000007ada000 	/System/Library/Frameworks/CoreServices.framework/Versions/A/Frameworks/LaunchServices.framework/Versions/A/LaunchServices
0x0000000007ada000 	/System/Library/Frameworks/CoreServices.framework/Versions/A/Frameworks/DictionaryServices.framework/Versions/A/DictionaryServices
0x0000000007ada000 	/System/Library/Frameworks/NetFS.framework/Versions/A/NetFS
0x0000000007ada000 	/usr/lib/system/libkxld.dylib
0x0000000007ada000 	/System/Library/PrivateFrameworks/NetAuth.framework/Versions/A/NetAuth
0x0000000007ada000 	/System/Library/PrivateFrameworks/TCC.framework/Versions/A/TCC
0x0000000007ada000 	/System/Library/Frameworks/OpenDirectory.framework/Versions/A/Frameworks/CFOpenDirectory.framework/Versions/A/CFOpenDirectory
0x0000000007ada000 	/System/Library/Frameworks/ServiceManagement.framework/Versions/A/ServiceManagement
0x0000000007ada000 	/usr/lib/libxslt.1.dylib
0x0000000007ada000 	/System/Library/Frameworks/Carbon.framework/Versions/A/Frameworks/Ink.framework/Versions/A/Ink
0x0000000007ada000 	/System/Library/Frameworks/ApplicationServices.framework/Versions/A/Frameworks/ATS.framework/Versions/A/ATS
0x0000000007ada000 	/System/Library/Frameworks/ApplicationServices.framework/Versions/A/Frameworks/ColorSync.framework/Versions/A/ColorSync
0x0000000007ada000 	/System/Library/Frameworks/ApplicationServices.framework/Versions/A/Frameworks/HIServices.framework/Versions/A/HIServices
0x0000000007ada000 	/System/Library/Frameworks/ApplicationServices.framework/Versions/A/Frameworks/LangAnalysis.framework/Versions/A/LangAnalysis
0x0000000007ada000 	/System/Library/Frameworks/ApplicationServices.framework/Versions/A/Frameworks/PrintCore.framework/Versions/A/PrintCore
0x0000000007ada000 	/System/Library/Frameworks/ApplicationServices.framework/Versions/A/Frameworks/QD.framework/Versions/A/QD
0x0000000007ada000 	/System/Library/Frameworks/ApplicationServices.framework/Versions/A/Frameworks/SpeechSynthesis.framework/Versions/A/SpeechSynthesis
0x0000000007ada000 	/System/Library/Frameworks/IOSurface.framework/Versions/A/IOSurface
0x0000000007ada000 	/System/Library/Frameworks/Accelerate.framework/Versions/A/Accelerate
0x0000000007ada000 	/System/Library/Frameworks/Accelerate.framework/Versions/A/Frameworks/vImage.framework/Versions/A/vImage
0x0000000007ada000 	/System/Library/Frameworks/Accelerate.framework/Versions/A/Frameworks/vecLib.framework/Versions/A/vecLib
0x0000000007ada000 	/System/Library/Frameworks/Accelerate.framework/Versions/A/Frameworks/vecLib.framework/Versions/A/libvDSP.dylib
0x0000000007ada000 	/System/Library/Frameworks/Accelerate.framework/Versions/A/Frameworks/vecLib.framework/Versions/A/libvMisc.dylib
0x0000000007ada000 	/System/Library/Frameworks/Accelerate.framework/Versions/A/Frameworks/vecLib.framework/Versions/A/libLAPACK.dylib
0x0000000007ada000 	/System/Library/Frameworks/Accelerate.framework/Versions/A/Frameworks/vecLib.framework/Versions/A/libBLAS.dylib
0x0000000007ada000 	/System/Library/Frameworks/ApplicationServices.framework/Versions/A/Frameworks/ATS.framework/Versions/A/Resources/libFontParser.dylib
0x0000000007ada000 	/System/Library/Frameworks/ApplicationServices.framework/Versions/A/Frameworks/ATS.framework/Versions/A/Resources/libFontRegistry.dylib
0x0000000007ada000 	/System/Library/Frameworks/ImageIO.framework/Versions/A/Resources/libJPEG.dylib
0x0000000007ada000 	/System/Library/Frameworks/ImageIO.framework/Versions/A/Resources/libTIFF.dylib
0x0000000007ada000 	/System/Library/Frameworks/ImageIO.framework/Versions/A/Resources/libPng.dylib
0x0000000007ada000 	/System/Library/Frameworks/ImageIO.framework/Versions/A/Resources/libGIF.dylib
0x0000000007ada000 	/System/Library/Frameworks/ImageIO.framework/Versions/A/Resources/libJP2.dylib
0x0000000007ada000 	/System/Library/Frameworks/ImageIO.framework/Versions/A/Resources/libRadiance.dylib
0x0000000007ada000 	/usr/lib/libcups.2.dylib
0x0000000007ada000 	/System/Library/Frameworks/Kerberos.framework/Versions/A/Kerberos
0x0000000007ada000 	/System/Library/Frameworks/GSS.framework/Versions/A/GSS
0x0000000007ada000 	/usr/lib/libresolv.9.dylib
0x0000000007ada000 	/usr/lib/libiconv.2.dylib
0x0000000007ada000 	/System/Library/PrivateFrameworks/Heimdal.framework/Versions/A/Heimdal
0x0000000007ada000 	/System/Library/PrivateFrameworks/TrustEvaluationAgent.framework/Versions/A/TrustEvaluationAgent
0x0000000007ada000 	/usr/lib/libheimdal-asn1.dylib
0x0000000007ada000 	/System/Library/Frameworks/OpenDirectory.framework/Versions/A/OpenDirectory
0x0000000007ada000 	/System/Library/PrivateFrameworks/CommonAuth.framework/Versions/A/CommonAuth
0x0000000007ada000 	/System/Library/Frameworks/SecurityFoundation.framework/Versions/A/SecurityFoundation
0x0000000007ada000 	/System/Library/PrivateFrameworks/Bom.framework/Versions/A/Bom
0x0000000007ada000 	/System/Library/Frameworks/CoreVideo.framework/Versions/A/CoreVideo
0x0000000007ada000 	/System/Library/Frameworks/QuartzCore.framework/Versions/A/Frameworks/CoreImage.framework/Versions/A/CoreImage
0x0000000007ada000 	/System/Library/Frameworks/QuartzCore.framework/Versions/A/Frameworks/ScalableUserInterface.framework/Versions/A/ScalableUserInterface
0x0000000007ada000 	/System/Library/Frameworks/OpenGL.framework/Versions/A/Libraries/libGLU.dylib
0x0000000007ada000 	/System/Library/Frameworks/OpenGL.framework/Versions/A/Libraries/libGFXShared.dylib
0x0000000007ada000 	/System/Library/Frameworks/OpenGL.framework/Versions/A/Libraries/libGL.dylib
0x0000000007ada000 	/System/Library/Frameworks/OpenGL.framework/Versions/A/Libraries/libGLImage.dylib
0x0000000007ada000 	/System/Library/Frameworks/OpenGL.framework/Versions/A/Libraries/libCVMSPluginSupport.dylib
0x0000000007ada000 	/System/Library/Frameworks/OpenGL.framework/Versions/A/Libraries/libCoreVMClient.dylib
0x0000000007ada000 	/System/Library/PrivateFrameworks/FaceCore.framework/Versions/A/FaceCore
0x0000000007ada000 	/System/Library/PrivateFrameworks/CrashReporterSupport.framework/Versions/A/CrashReporterSupport
0x0000000007ada000 	/System/Library/Frameworks/OpenCL.framework/Versions/A/OpenCL
0x0000000007ada000 	/System/Library/PrivateFrameworks/AppleFSCompression.framework/Versions/A/AppleFSCompression
0x0000000007ada000 	/System/Library/PrivateFrameworks/Ubiquity.framework/Versions/A/Ubiquity
0x0000000007ada000 	/System/Library/PrivateFrameworks/IconServices.framework/Versions/A/IconServices
0x0000000007ada000 	/System/Library/PrivateFrameworks/ChunkingLibrary.framework/Versions/A/ChunkingLibrary
0x0000000007ada000 	/System/Library/PrivateFrameworks/CoreSymbolication.framework/Versions/A/CoreSymbolication
0x0000000007ada000 	/System/Library/PrivateFrameworks/Symbolication.framework/Versions/A/Symbolication
0x0000000007ada000 	/System/Library/PrivateFrameworks/DebugSymbols.framework/Versions/A/DebugSymbols
0x00000001074bf000 	/Library/Java/JavaVirtualMachines/jdk1.7.0_60.jdk/Contents/Home/jre/lib/server/libjvm.dylib
0x0000000007ada000 	/usr/lib/libstdc++.6.dylib
0x0000000107f34000 	/Library/Java/JavaVirtualMachines/jdk1.7.0_60.jdk/Contents/Home/jre/lib/libverify.dylib
0x0000000107f41000 	/Library/Java/JavaVirtualMachines/jdk1.7.0_60.jdk/Contents/Home/jre/lib/libjava.dylib
0x0000000107f72000 	/Library/Java/JavaVirtualMachines/jdk1.7.0_60.jdk/Contents/Home/jre/lib/libjdwp.dylib
0x0000000107faf000 	/Library/Java/JavaVirtualMachines/jdk1.7.0_60.jdk/Contents/Home/jre/lib/libnpt.dylib
0x0000000107fbc000 	/Library/Java/JavaVirtualMachines/jdk1.7.0_60.jdk/Contents/Home/jre/lib/libzip.dylib
0x0000000116c1a000 	/System/Library/Frameworks/JavaVM.framework/Frameworks/JavaRuntimeSupport.framework/JavaRuntimeSupport
0x0000000116c32000 	/System/Library/Frameworks/JavaVM.framework/Versions/A/Frameworks/JavaNativeFoundation.framework/Versions/A/JavaNativeFoundation
0x0000000107fef000 	/System/Library/Frameworks/JavaVM.framework/Versions/A/JavaVM
0x0000000007ada000 	/System/Library/Frameworks/Carbon.framework/Versions/A/Carbon
0x0000000116c47000 	/System/Library/PrivateFrameworks/JavaLaunching.framework/Versions/A/JavaLaunching
0x0000000007ada000 	/System/Library/Frameworks/Carbon.framework/Versions/A/Frameworks/CommonPanels.framework/Versions/A/CommonPanels
0x0000000007ada000 	/System/Library/Frameworks/Carbon.framework/Versions/A/Frameworks/Help.framework/Versions/A/Help
0x0000000007ada000 	/System/Library/Frameworks/Carbon.framework/Versions/A/Frameworks/ImageCapture.framework/Versions/A/ImageCapture
0x0000000007ada000 	/System/Library/Frameworks/Carbon.framework/Versions/A/Frameworks/OpenScripting.framework/Versions/A/OpenScripting
0x0000000007ada000 	/System/Library/Frameworks/Carbon.framework/Versions/A/Frameworks/Print.framework/Versions/A/Print
0x0000000007ada000 	/System/Library/Frameworks/Carbon.framework/Versions/A/Frameworks/SecurityHI.framework/Versions/A/SecurityHI
0x0000000116e67000 	/Library/Java/JavaVirtualMachines/jdk1.7.0_60.jdk/Contents/Home/jre/lib/libdt_socket.dylib
0x0000000117ecf000 	/Library/Java/JavaVirtualMachines/jdk1.7.0_60.jdk/Contents/Home/jre/lib/libnet.dylib
0x0000000117ee4000 	/Library/Java/JavaVirtualMachines/jdk1.7.0_60.jdk/Contents/Home/jre/lib/libnio.dylib
0x0000000117d5d000 	/Library/Java/JavaVirtualMachines/jdk1.7.0_60.jdk/Contents/Home/jre/lib/libawt.dylib
0x000000011c2fe000 	/Library/Java/JavaVirtualMachines/jdk1.7.0_60.jdk/Contents/Home/jre/lib/./libmlib_image.dylib
0x000000011805d000 	/Library/Java/JavaVirtualMachines/jdk1.7.0_60.jdk/Contents/Home/jre/lib/lwawt/liblwawt.dylib
0x00000001176c4000 	/Library/Java/JavaVirtualMachines/jdk1.7.0_60.jdk/Contents/Home/jre/lib/libosxapp.dylib
0x0000000007ada000 	/System/Library/Frameworks/ExceptionHandling.framework/Versions/A/ExceptionHandling
0x0000000007ada000 	/System/Library/PrivateFrameworks/CoreServicesInternal.framework/Versions/A/CoreServicesInternal
0x0000000007ada000 	/System/Library/PrivateFrameworks/Librarian.framework/Versions/A/Librarian
0x0000000007ada000 	/System/Library/Frameworks/CoreGraphics.framework/Versions/A/Resources/libCGCMS.A.dylib
0x0000000007ada000 	/System/Library/Frameworks/CoreGraphics.framework/Versions/A/Resources/libRIP.A.dylib
0x0000000007ada000 	/System/Library/Frameworks/CoreGraphics.framework/Versions/A/Resources/libCGXType.A.dylib
0x0000000007ada000 	/System/Library/PrivateFrameworks/FamilyControls.framework/Versions/A/FamilyControls
0x0000000007ada000 	/System/Library/PrivateFrameworks/CommerceKit.framework/Versions/A/Frameworks/CommerceCore.framework/Versions/A/CommerceCore
0x0000000007ada000 	/System/Library/PrivateFrameworks/SystemAdministration.framework/Versions/A/SystemAdministration
0x0000000007ada000 	/System/Library/Frameworks/DirectoryService.framework/Versions/A/DirectoryService
0x0000000007ada000 	/System/Library/PrivateFrameworks/DiskImages.framework/Versions/A/DiskImages
0x0000000007ada000 	/System/Library/PrivateFrameworks/LoginUIKit.framework/Versions/A/Frameworks/LoginUICore.framework/Versions/A/LoginUICore
0x0000000007ada000 	/usr/lib/libCoreStorage.dylib
0x0000000007ada000 	/usr/lib/libcsfde.dylib
0x0000000007ada000 	/usr/lib/libodfde.dylib
0x0000000007ada000 	/System/Library/Frameworks/DiscRecording.framework/Versions/A/DiscRecording
0x0000000007ada000 	/usr/lib/libcurl.4.dylib
0x0000000007ada000 	/System/Library/PrivateFrameworks/MediaKit.framework/Versions/A/MediaKit
0x0000000007ada000 	/System/Library/PrivateFrameworks/EFILogin.framework/Versions/A/EFILogin
0x0000000007ada000 	/usr/lib/libutil.dylib
0x0000000007ada000 	/System/Library/PrivateFrameworks/AOSNotification.framework/Versions/A/AOSNotification
0x0000000007ada000 	/System/Library/Frameworks/LDAP.framework/Versions/A/LDAP
0x0000000007ada000 	/usr/lib/libsasl2.2.dylib
0x0000000007ada000 	/usr/lib/libcrypto.0.9.8.dylib
0x0000000007ada000 	/usr/lib/libssl.0.9.8.dylib

VM Arguments:
jvm_args: -agentlib:jdwp=transport=dt_socket,suspend=y,address=localhost:53432 -Xmx4G -Dfile.encoding=MacRoman 
java_command: Main
Launcher Type: SUN_STANDARD

Environment Variables:
PATH=/usr/bin:/bin:/usr/sbin:/sbin
SHELL=/bin/bash
DISPLAY=/tmp/launch-SgOLaZ/org.macosforge.xquartz:0

Signal Handlers:
SIGSEGV: [libjvm.dylib+0x52b7b1], sa_mask[0]=0xfffefeff, sa_flags=0x00000043
SIGBUS: [libjvm.dylib+0x52b7b1], sa_mask[0]=0xfffefeff, sa_flags=0x00000042
SIGFPE: [libjvm.dylib+0x41e28a], sa_mask[0]=0xfffefeff, sa_flags=0x00000042
SIGPIPE: [libjvm.dylib+0x41e28a], sa_mask[0]=0xfffefeff, sa_flags=0x00000042
SIGXFSZ: [libjvm.dylib+0x41e28a], sa_mask[0]=0xfffefeff, sa_flags=0x00000042
SIGILL: [libjvm.dylib+0x41e28a], sa_mask[0]=0xfffefeff, sa_flags=0x00000042
SIGUSR1: SIG_DFL, sa_mask[0]=0x00000000, sa_flags=0x00000002
SIGUSR2: [libjvm.dylib+0x41dd7c], sa_mask[0]=0x00000004, sa_flags=0x00000042
SIGHUP: [libjvm.dylib+0x41c00b], sa_mask[0]=0xfffefeff, sa_flags=0x00000042
SIGINT: [libjvm.dylib+0x41c00b], sa_mask[0]=0xfffefeff, sa_flags=0x00000042
SIGTERM: [libjvm.dylib+0x41c00b], sa_mask[0]=0xfffefeff, sa_flags=0x00000042
SIGQUIT: [libjvm.dylib+0x41c00b], sa_mask[0]=0xfffefeff, sa_flags=0x00000042


---------------  S Y S T E M  ---------------

OS:Bsduname:Darwin 13.2.0 Darwin Kernel Version 13.2.0: Thu Apr 17 23:03:13 PDT 2014; root:xnu-2422.100.13~1/RELEASE_X86_64 x86_64
rlimit: STACK 8192k, CORE 0k, NPROC 709, NOFILE 10240, AS infinity
load average:1.53 2.34 2.17

CPU:total 4 (2 cores per cpu, 2 threads per core) family 6 model 42 stepping 7, cmov, cx8, fxsr, mmx, sse, sse2, sse3, ssse3, sse4.1, sse4.2, popcnt, avx, aes, ht, tsc, tscinvbit

Memory: 4k page, physical 4194304k(1048576k free)

/proc/meminfo:


vm_info: Java HotSpot(TM) 64-Bit Server VM (24.60-b09) for bsd-amd64 JRE (1.7.0_60-b19), built on May  7 2014 12:52:25 by "java_re" with gcc 4.2.1 (Based on Apple Inc. build 5658) (LLVM build 2336.11.00)

time: Wed Jul  2 17:37:32 2014
elapsed time: 14 seconds

